<?xml version="1.0" encoding="UTF-8"?>
<coverage generated="1544722312716" clover="3.2.0">
  <project timestamp="1544722312716" name="All files">
    <metrics statements="37" coveredstatements="34" conditionals="34" coveredconditionals="26" methods="2" coveredmethods="2" elements="73" coveredelements="62" complexity="0" loc="37" ncloc="37" packages="1" files="1" classes="1">
      <file name="liang-barsky.ts" path="/Users/alexm/Projects/liang-barsky/src/liang-barsky.ts">
        <metrics statements="37" coveredstatements="34" conditionals="34" coveredconditionals="26" methods="2" coveredmethods="2"/>
        <line num="9" count="1" type="stmt"/>
        <line num="10" count="1" type="stmt"/>
        <line num="11" count="1" type="stmt"/>
        <line num="17" count="58" type="stmt"/>
        <line num="18" count="58" type="cond" truecount="2" falsecount="0"/>
        <line num="19" count="44" type="stmt"/>
        <line num="21" count="44" type="cond" truecount="2" falsecount="0"/>
        <line num="22" count="22" type="cond" truecount="1" falsecount="1"/>
        <line num="23" count="22" type="cond" truecount="1" falsecount="1"/>
        <line num="25" count="22" type="cond" truecount="2" falsecount="0"/>
        <line num="26" count="18" type="cond" truecount="2" falsecount="0"/>
        <line num="28" count="40" type="stmt"/>
        <line num="40" count="1" type="stmt"/>
        <line num="41" count="16" type="stmt"/>
        <line num="42" count="16" type="stmt"/>
        <line num="43" count="16" type="stmt"/>
        <line num="44" count="16" type="stmt"/>
        <line num="46" count="16" type="cond" truecount="4" falsecount="0"/>
        <line num="47" count="12" type="stmt"/>
        <line num="48" count="12" type="stmt"/>
        <line num="50" count="4" type="stmt"/>
        <line num="51" count="4" type="stmt"/>
        <line num="52" count="4" type="stmt"/>
        <line num="53" count="4" type="stmt"/>
        <line num="56" count="16" type="cond" truecount="3" falsecount="5"/>
        <line num="59" count="0" type="stmt"/>
        <line num="62" count="16" type="stmt"/>
        <line num="63" count="16" type="cond" truecount="6" falsecount="0"/>
        <line num="67" count="12" type="stmt"/>
        <line num="68" count="12" type="cond" truecount="2" falsecount="0"/>
        <line num="69" count="8" type="stmt"/>
        <line num="70" count="8" type="stmt"/>
        <line num="72" count="12" type="cond" truecount="1" falsecount="1"/>
        <line num="73" count="0" type="stmt"/>
        <line num="74" count="0" type="stmt"/>
        <line num="76" count="12" type="stmt"/>
        <line num="78" count="4" type="stmt"/>
      </file>
    </metrics>
  </project>
</coverage>
