{"/Users/alexm/Projects/liang-barsky/src/liang-barsky.ts": {"path":"/Users/alexm/Projects/liang-barsky/src/liang-barsky.ts","statementMap":{"0":{"start":{"line":9,"column":16},"end":{"line":9,"column":20}},"1":{"start":{"line":10,"column":15},"end":{"line":10,"column":16}},"2":{"start":{"line":11,"column":16},"end":{"line":11,"column":17}},"3":{"start":{"line":17,"column":9},"end":{"line":17,"column":11}},"4":{"start":{"line":17,"column":13},"end":{"line":17,"column":15}},"5":{"start":{"line":18,"column":2},"end":{"line":18,"column":47}},"6":{"start":{"line":18,"column":33},"end":{"line":18,"column":47}},"7":{"start":{"line":19,"column":12},"end":{"line":19,"column":23}},"8":{"start":{"line":21,"column":2},"end":{"line":27,"column":3}},"9":{"start":{"line":22,"column":4},"end":{"line":22,"column":24}},"10":{"start":{"line":22,"column":16},"end":{"line":22,"column":24}},"11":{"start":{"line":23,"column":4},"end":{"line":23,"column":24}},"12":{"start":{"line":23,"column":16},"end":{"line":23,"column":24}},"13":{"start":{"line":25,"column":4},"end":{"line":25,"column":24}},"14":{"start":{"line":25,"column":16},"end":{"line":25,"column":24}},"15":{"start":{"line":26,"column":4},"end":{"line":26,"column":24}},"16":{"start":{"line":26,"column":16},"end":{"line":26,"column":24}},"17":{"start":{"line":28,"column":2},"end":{"line":28,"column":10}},"18":{"start":{"line":40,"column":9},"end":{"line":40,"column":11}},"19":{"start":{"line":40,"column":13},"end":{"line":40,"column":15}},"20":{"start":{"line":41,"column":9},"end":{"line":41,"column":11}},"21":{"start":{"line":41,"column":13},"end":{"line":41,"column":15}},"22":{"start":{"line":42,"column":13},"end":{"line":42,"column":20}},"23":{"start":{"line":43,"column":13},"end":{"line":43,"column":20}},"24":{"start":{"line":45,"column":2},"end":{"line":53,"column":3}},"25":{"start":{"line":46,"column":4},"end":{"line":46,"column":10}},"26":{"start":{"line":47,"column":4},"end":{"line":47,"column":10}},"27":{"start":{"line":49,"column":4},"end":{"line":49,"column":16}},"28":{"start":{"line":50,"column":4},"end":{"line":50,"column":16}},"29":{"start":{"line":51,"column":4},"end":{"line":51,"column":16}},"30":{"start":{"line":52,"column":4},"end":{"line":52,"column":16}},"31":{"start":{"line":55,"column":2},"end":{"line":64,"column":3}},"32":{"start":{"line":63,"column":4},"end":{"line":63,"column":17}},"33":{"start":{"line":66,"column":12},"end":{"line":66,"column":18}},"34":{"start":{"line":67,"column":2},"end":{"line":83,"column":3}},"35":{"start":{"line":73,"column":11},"end":{"line":73,"column":13}},"36":{"start":{"line":73,"column":15},"end":{"line":73,"column":17}},"37":{"start":{"line":74,"column":4},"end":{"line":77,"column":5}},"38":{"start":{"line":75,"column":6},"end":{"line":75,"column":26}},"39":{"start":{"line":76,"column":6},"end":{"line":76,"column":26}},"40":{"start":{"line":78,"column":4},"end":{"line":81,"column":5}},"41":{"start":{"line":79,"column":6},"end":{"line":79,"column":22}},"42":{"start":{"line":80,"column":6},"end":{"line":80,"column":22}},"43":{"start":{"line":82,"column":4},"end":{"line":82,"column":17}},"44":{"start":{"line":84,"column":2},"end":{"line":84,"column":16}},"45":{"start":{"line":39,"column":0},"end":{"line":85,"column":1}}},"fnMap":{"0":{"name":"clipT","decl":{"start":{"line":16,"column":9},"end":{"line":16,"column":14}},"loc":{"start":{"line":16,"column":51},"end":{"line":29,"column":1}}},"1":{"name":"clip","decl":{"start":{"line":39,"column":24},"end":{"line":39,"column":28}},"loc":{"start":{"line":39,"column":89},"end":{"line":85,"column":1}}}},"branchMap":{"0":{"loc":{"start":{"line":18,"column":2},"end":{"line":18,"column":47}},"type":"if","locations":[{"start":{"line":18,"column":2},"end":{"line":18,"column":47}},{"start":{"line":18,"column":2},"end":{"line":18,"column":47}}]},"1":{"loc":{"start":{"line":21,"column":2},"end":{"line":27,"column":3}},"type":"if","locations":[{"start":{"line":21,"column":2},"end":{"line":27,"column":3}},{"start":{"line":21,"column":2},"end":{"line":27,"column":3}}]},"2":{"loc":{"start":{"line":22,"column":4},"end":{"line":22,"column":24}},"type":"if","locations":[{"start":{"line":22,"column":4},"end":{"line":22,"column":24}},{"start":{"line":22,"column":4},"end":{"line":22,"column":24}}]},"3":{"loc":{"start":{"line":23,"column":4},"end":{"line":23,"column":24}},"type":"if","locations":[{"start":{"line":23,"column":4},"end":{"line":23,"column":24}},{"start":{"line":23,"column":4},"end":{"line":23,"column":24}}]},"4":{"loc":{"start":{"line":25,"column":4},"end":{"line":25,"column":24}},"type":"if","locations":[{"start":{"line":25,"column":4},"end":{"line":25,"column":24}},{"start":{"line":25,"column":4},"end":{"line":25,"column":24}}]},"5":{"loc":{"start":{"line":26,"column":4},"end":{"line":26,"column":24}},"type":"if","locations":[{"start":{"line":26,"column":4},"end":{"line":26,"column":24}},{"start":{"line":26,"column":4},"end":{"line":26,"column":24}}]},"6":{"loc":{"start":{"line":45,"column":2},"end":{"line":53,"column":3}},"type":"if","locations":[{"start":{"line":45,"column":2},"end":{"line":53,"column":3}},{"start":{"line":45,"column":2},"end":{"line":53,"column":3}}]},"7":{"loc":{"start":{"line":45,"column":6},"end":{"line":45,"column":22}},"type":"binary-expr","locations":[{"start":{"line":45,"column":6},"end":{"line":45,"column":22}},{"start":{"line":45,"column":26},"end":{"line":45,"column":42}}]},"8":{"loc":{"start":{"line":55,"column":2},"end":{"line":64,"column":3}},"type":"if","locations":[{"start":{"line":55,"column":2},"end":{"line":64,"column":3}},{"start":{"line":55,"column":2},"end":{"line":64,"column":3}}]},"9":{"loc":{"start":{"line":56,"column":4},"end":{"line":56,"column":26}},"type":"binary-expr","locations":[{"start":{"line":56,"column":4},"end":{"line":56,"column":26}},{"start":{"line":57,"column":4},"end":{"line":57,"column":26}},{"start":{"line":58,"column":4},"end":{"line":58,"column":16}},{"start":{"line":59,"column":4},"end":{"line":59,"column":16}},{"start":{"line":60,"column":4},"end":{"line":60,"column":16}},{"start":{"line":61,"column":4},"end":{"line":61,"column":16}}]},"10":{"loc":{"start":{"line":67,"column":2},"end":{"line":83,"column":3}},"type":"if","locations":[{"start":{"line":67,"column":2},"end":{"line":83,"column":3}},{"start":{"line":67,"column":2},"end":{"line":83,"column":3}}]},"11":{"loc":{"start":{"line":68,"column":4},"end":{"line":68,"column":29}},"type":"binary-expr","locations":[{"start":{"line":68,"column":4},"end":{"line":68,"column":29}},{"start":{"line":69,"column":4},"end":{"line":69,"column":30}},{"start":{"line":70,"column":4},"end":{"line":70,"column":29}},{"start":{"line":71,"column":4},"end":{"line":71,"column":30}}]},"12":{"loc":{"start":{"line":74,"column":4},"end":{"line":77,"column":5}},"type":"if","locations":[{"start":{"line":74,"column":4},"end":{"line":77,"column":5}},{"start":{"line":74,"column":4},"end":{"line":77,"column":5}}]},"13":{"loc":{"start":{"line":78,"column":4},"end":{"line":81,"column":5}},"type":"if","locations":[{"start":{"line":78,"column":4},"end":{"line":81,"column":5}},{"start":{"line":78,"column":4},"end":{"line":81,"column":5}}]}},"s":{"0":1,"1":1,"2":1,"3":58,"4":58,"5":58,"6":14,"7":44,"8":44,"9":22,"10":0,"11":22,"12":0,"13":22,"14":4,"15":18,"16":8,"17":40,"18":16,"19":16,"20":16,"21":16,"22":16,"23":16,"24":16,"25":12,"26":12,"27":4,"28":4,"29":4,"30":4,"31":16,"32":0,"33":16,"34":16,"35":12,"36":12,"37":12,"38":8,"39":8,"40":12,"41":0,"42":0,"43":12,"44":4,"45":1},"f":{"0":58,"1":16},"b":{"0":[14,44],"1":[22,22],"2":[0,22],"3":[0,22],"4":[4,18],"5":[8,10],"6":[12,4],"7":[16,4],"8":[0,16],"9":[16,4,0,0,0,0],"10":[12,4],"11":[16,16,13,13],"12":[8,4],"13":[0,12]}}
}
