TN:
SF:/Users/alexm/Projects/liang-barsky/src/liang-barsky.ts
FN:16,clipT
FN:40,clip
FNF:2
FNH:2
FNDA:58,clipT
FNDA:16,clip
DA:9,1
DA:10,1
DA:11,1
DA:17,58
DA:18,58
DA:19,44
DA:21,44
DA:22,22
DA:23,22
DA:25,22
DA:26,18
DA:28,40
DA:40,1
DA:41,16
DA:42,16
DA:43,16
DA:44,16
DA:46,16
DA:47,12
DA:48,12
DA:50,4
DA:51,4
DA:52,4
DA:53,4
DA:56,16
DA:59,0
DA:62,16
DA:63,16
DA:67,12
DA:68,12
DA:69,8
DA:70,8
DA:72,12
DA:73,0
DA:74,0
DA:76,12
DA:78,4
LF:37
LH:34
BRDA:18,0,0,14
BRDA:18,0,1,44
BRDA:21,1,0,22
BRDA:21,1,1,22
BRDA:22,2,0,0
BRDA:22,2,1,22
BRDA:23,3,0,0
BRDA:23,3,1,22
BRDA:25,4,0,4
BRDA:25,4,1,18
BRDA:26,5,0,8
BRDA:26,5,1,10
BRDA:46,6,0,12
BRDA:46,6,1,4
BRDA:46,7,0,16
BRDA:46,7,1,4
BRDA:56,8,0,0
BRDA:56,8,1,16
BRDA:56,9,0,16
BRDA:56,9,1,4
BRDA:56,9,2,0
BRDA:56,9,3,0
BRDA:56,9,4,0
BRDA:56,9,5,0
BRDA:63,10,0,12
BRDA:63,10,1,4
BRDA:63,11,0,16
BRDA:63,11,1,16
BRDA:63,11,2,13
BRDA:63,11,3,13
BRDA:68,12,0,8
BRDA:68,12,1,4
BRDA:72,13,0,0
BRDA:72,13,1,12
BRF:34
BRH:26
end_of_record
