TN:
SF:/Users/alexm/Projects/liang-barsky/src/liang-barsky.ts
FN:16,clipT
FN:39,clip
FNF:2
FNH:2
FNDA:58,clipT
FNDA:16,clip
DA:9,1
DA:10,1
DA:11,1
DA:17,58
DA:18,58
DA:19,44
DA:21,44
DA:22,22
DA:23,22
DA:25,22
DA:26,18
DA:28,40
DA:39,1
DA:40,16
DA:41,16
DA:42,16
DA:43,16
DA:45,16
DA:46,12
DA:47,12
DA:49,4
DA:50,4
DA:51,4
DA:52,4
DA:55,16
DA:63,0
DA:66,16
DA:67,16
DA:73,12
DA:74,12
DA:75,8
DA:76,8
DA:78,12
DA:79,0
DA:80,0
DA:82,12
DA:84,4
LF:37
LH:34
BRDA:18,0,0,14
BRDA:18,0,1,44
BRDA:21,1,0,22
BRDA:21,1,1,22
BRDA:22,2,0,0
BRDA:22,2,1,22
BRDA:23,3,0,0
BRDA:23,3,1,22
BRDA:25,4,0,4
BRDA:25,4,1,18
BRDA:26,5,0,8
BRDA:26,5,1,10
BRDA:45,6,0,12
BRDA:45,6,1,4
BRDA:45,7,0,16
BRDA:45,7,1,4
BRDA:55,8,0,0
BRDA:55,8,1,16
BRDA:56,9,0,16
BRDA:56,9,1,4
BRDA:56,9,2,0
BRDA:56,9,3,0
BRDA:56,9,4,0
BRDA:56,9,5,0
BRDA:67,10,0,12
BRDA:67,10,1,4
BRDA:68,11,0,16
BRDA:68,11,1,16
BRDA:68,11,2,13
BRDA:68,11,3,13
BRDA:74,12,0,8
BRDA:74,12,1,4
BRDA:78,13,0,0
BRDA:78,13,1,12
BRF:34
BRH:26
end_of_record
